Post Processor Report
OrCAD FILE: M:\DONNEES_ELEVES\2STSA\__PROJETS_BTS 2018\BERGER JORDAN\DOSSIER MODULE 4\_ORCAD\BERGER_VALAR2000_V9_FINAL.MAX
Tue Apr 24 14:06:14 2018

*********************************************************

Output file: M:\DONNEES_ELEVES\2STSA\__PROJETS_BTS 2018\BERGER JORDAN\DOSSIER MODULE 4\_ORCAD\BERGER_VALAR2000_V9_FINAL.TOP

Aperture totals for M:\DONNEES_ELEVES\2STSA\__PROJETS_BTS 2018\BERGER JORDAN\DOSSIER MODULE 4\_ORCAD\BERGER_VALAR2000_V9_FINAL.TOP:
---------------------------------------------------------
D10:  0.3000 ROUND  --       0 Draws,       4 Flashes
D11:  0.1000 ROUND  --       0 Draws,      23 Flashes
D12:  0.0800 ROUND  --       0 Draws,      26 Flashes
D13:  0.0940 ROUND  --       0 Draws,       4 Flashes
D14:  0.0750 ROUND  --       0 Draws,      40 Flashes
D15:  0.0787 ROUND  --       0 Draws,      21 Flashes
D16:  0.0512 x 0.0787 RECTANGLE -----       6 Flashes
D17:  0.0551 x 0.1000 OBLONG    -----      20 Flashes
D18:  0.1181 ROUND  --       0 Draws,       8 Flashes
D19:  0.2362 x 0.1378 OBLONG    -----       2 Flashes
D20:  0.1378 x 0.2362 OBLONG    -----       1 Flashes
D21:  0.0360 ROUND  --       0 Draws,       1 Flashes
D22:  0.0800 SQUARE --       0 Draws,       3 Flashes
D23:  0.0600 SQUARE --       0 Draws,       4 Flashes
D24:  0.0590 x 0.1000 OBLONG    -----      54 Flashes
D25:  0.0590 x 0.1000 RECTANGLE -----       4 Flashes
D26:  0.2362 ROUND  --       0 Draws,       6 Flashes
D27:  0.1000 x 0.0512 OBLONG    -----       3 Flashes
D28:  0.0787 x 0.1181 OBLONG    -----       3 Flashes
D29:  0.1000 x 0.0600 OBLONG    -----       4 Flashes
D30:  0.0900 x 0.0600 RECTANGLE -----       2 Flashes
D31:  0.1000 x 0.0590 OBLONG    -----      17 Flashes
D32:  0.1000 x 0.0590 RECTANGLE -----       1 Flashes
D33:  0.1200 x 0.0600 RECTANGLE -----      16 Flashes
D34:  0.0600 x 0.1200 RECTANGLE -----       4 Flashes
D35:  0.0039 ROUND  --       4 Draws,       0 Flashes
D36:  0.0200 ROUND  --     117 Draws,       0 Flashes
D37:  0.0400 ROUND  --      69 Draws,       0 Flashes
D38:  0.0100 ROUND  --     368 Draws,       0 Flashes
D39:  0.0070 ROUND  --      71 Draws,       0 Flashes
D40:  0.0080 ROUND  --     160 Draws,       0 Flashes
D41:  0.0140 ROUND  --       0 Draws,     278 Flashes
---------------------------------------------------------
 32 D-Codes      -----     789 Draws,     555 Flashes

*********************************************************

Output file: M:\DONNEES_ELEVES\2STSA\__PROJETS_BTS 2018\BERGER JORDAN\DOSSIER MODULE 4\_ORCAD\BERGER_VALAR2000_V9_FINAL.BOT

Aperture totals for M:\DONNEES_ELEVES\2STSA\__PROJETS_BTS 2018\BERGER JORDAN\DOSSIER MODULE 4\_ORCAD\BERGER_VALAR2000_V9_FINAL.BOT:
---------------------------------------------------------
D10:  0.3000 ROUND  --       0 Draws,       4 Flashes
D11:  0.1000 ROUND  --       0 Draws,      23 Flashes
D12:  0.0800 ROUND  --       0 Draws,      26 Flashes
D13:  0.0940 ROUND  --       0 Draws,       4 Flashes
D14:  0.0750 ROUND  --       0 Draws,      40 Flashes
D15:  0.0787 ROUND  --       0 Draws,      21 Flashes
D16:  0.0512 x 0.0787 RECTANGLE -----       6 Flashes
D17:  0.0551 x 0.1000 OBLONG    -----      20 Flashes
D18:  0.1181 ROUND  --       0 Draws,       8 Flashes
D19:  0.2362 x 0.1378 OBLONG    -----       2 Flashes
D20:  0.1378 x 0.2362 OBLONG    -----       1 Flashes
D21:  0.0360 ROUND  --       0 Draws,       1 Flashes
D22:  0.0800 SQUARE --       0 Draws,       3 Flashes
D23:  0.0600 SQUARE --       0 Draws,       4 Flashes
D24:  0.0590 x 0.1000 OBLONG    -----      54 Flashes
D25:  0.0590 x 0.1000 RECTANGLE -----       4 Flashes
D26:  0.2362 ROUND  --       0 Draws,       6 Flashes
D27:  0.1000 x 0.0512 OBLONG    -----       3 Flashes
D28:  0.0787 x 0.1181 OBLONG    -----       3 Flashes
D29:  0.1000 x 0.0600 OBLONG    -----       4 Flashes
D30:  0.0900 x 0.0600 RECTANGLE -----       2 Flashes
D31:  0.1000 x 0.0590 OBLONG    -----      17 Flashes
D32:  0.1000 x 0.0590 RECTANGLE -----       1 Flashes
D33:  0.1200 x 0.0600 RECTANGLE -----      16 Flashes
D34:  0.0600 x 0.1200 RECTANGLE -----       4 Flashes
D35:  0.0039 ROUND  --       4 Draws,       0 Flashes
D36:  0.0200 ROUND  --     397 Draws,       0 Flashes
D37:  0.0400 ROUND  --     276 Draws,       0 Flashes
D38:  0.0100 ROUND  --     353 Draws,       0 Flashes
D41:  0.0140 ROUND  --       0 Draws,     278 Flashes
---------------------------------------------------------
 30 D-Codes      -----    1030 Draws,     555 Flashes


*********************************************************

Aperture totals for entire project:
---------------------------------------------------------
D10:  0.3000 ROUND  --       0 Draws,       8 Flashes
D11:  0.1000 ROUND  --       0 Draws,      46 Flashes
D12:  0.0800 ROUND  --       0 Draws,      52 Flashes
D13:  0.0940 ROUND  --       0 Draws,       8 Flashes
D14:  0.0750 ROUND  --       0 Draws,      80 Flashes
D15:  0.0787 ROUND  --       0 Draws,      42 Flashes
D16:  0.0512 x 0.0787 RECTANGLE -----      12 Flashes
D17:  0.0551 x 0.1000 OBLONG    -----      40 Flashes
D18:  0.1181 ROUND  --       0 Draws,      16 Flashes
D19:  0.2362 x 0.1378 OBLONG    -----       4 Flashes
D20:  0.1378 x 0.2362 OBLONG    -----       2 Flashes
D21:  0.0360 ROUND  --       0 Draws,       2 Flashes
D22:  0.0800 SQUARE --       0 Draws,       6 Flashes
D23:  0.0600 SQUARE --       0 Draws,       8 Flashes
D24:  0.0590 x 0.1000 OBLONG    -----     108 Flashes
D25:  0.0590 x 0.1000 RECTANGLE -----       8 Flashes
D26:  0.2362 ROUND  --       0 Draws,      12 Flashes
D27:  0.1000 x 0.0512 OBLONG    -----       6 Flashes
D28:  0.0787 x 0.1181 OBLONG    -----       6 Flashes
D29:  0.1000 x 0.0600 OBLONG    -----       8 Flashes
D30:  0.0900 x 0.0600 RECTANGLE -----       4 Flashes
D31:  0.1000 x 0.0590 OBLONG    -----      34 Flashes
D32:  0.1000 x 0.0590 RECTANGLE -----       2 Flashes
D33:  0.1200 x 0.0600 RECTANGLE -----      32 Flashes
D34:  0.0600 x 0.1200 RECTANGLE -----       8 Flashes
D35:  0.0039 ROUND  --       8 Draws,       0 Flashes
D36:  0.0200 ROUND  --     514 Draws,       0 Flashes
D37:  0.0400 ROUND  --     345 Draws,       0 Flashes
D38:  0.0100 ROUND  --     721 Draws,       0 Flashes
D39:  0.0070 ROUND  --      71 Draws,       0 Flashes
D40:  0.0080 ROUND  --     160 Draws,       0 Flashes
D41:  0.0140 ROUND  --       0 Draws,     556 Flashes
---------------------------------------------------------
 32 D-Codes      -----    1819 Draws,    1110 Flashes


No warnings or errors.
