;  LST file generated by mikroListExporter - v.2.0 
; Date/Time: 12/06/2018 16:43:56
;----------------------------------------------

;Address Opcode 	ASM
0x0000	0xF001EF47  	GOTO        654
0x0004	0x0000      	NOP
0x0006	0x0000      	NOP
0x0008	0xF000EF00  	GOTO        0
0x000C	0x0000      	NOP
0x000E	0x0000      	NOP
0x0010	0x0000      	NOP
0x0012	0x0000      	NOP
0x0014	0x0000      	NOP
0x0016	0x0000      	NOP
0x0018	0xD7F3      	BRA         0
_Delay_1us:
;__Lib_Delays.c,7 :: 		void Delay_1us() {
;__Lib_Delays.c,8 :: 		Delay_us(1);
0x001C	0x0000      	NOP
0x001E	0x0000      	NOP
;__Lib_Delays.c,9 :: 		}
L_end_Delay_1us:
0x0020	0x0012      	RETURN      0
; end of _Delay_1us
_Delay_5500us:
;__Lib_Delays.c,31 :: 		void Delay_5500us() {
;__Lib_Delays.c,32 :: 		Delay_us(5500);
0x0022	0x0E0F      	MOVLW       15
0x0024	0x6E0C      	MOVWF       R12, 0
0x0026	0x0E47      	MOVLW       71
0x0028	0x6E0D      	MOVWF       R13, 0
L_Delay_5500us5:
0x002A	0x2E0D      	DECFSZ      R13, 1, 0
0x002C	0xD7FE      	BRA         L_Delay_5500us5
0x002E	0x2E0C      	DECFSZ      R12, 1, 0
0x0030	0xD7FC      	BRA         L_Delay_5500us5
0x0032	0x0000      	NOP
0x0034	0x0000      	NOP
;__Lib_Delays.c,33 :: 		}
L_end_Delay_5500us:
0x0036	0x0012      	RETURN      0
; end of _Delay_5500us
_Delay_50us:
;__Lib_Delays.c,19 :: 		void Delay_50us() {
;__Lib_Delays.c,20 :: 		Delay_us(50);
0x0038	0x0E21      	MOVLW       33
0x003A	0x6E0D      	MOVWF       R13, 0
L_Delay_50us2:
0x003C	0x2E0D      	DECFSZ      R13, 1, 0
0x003E	0xD7FE      	BRA         L_Delay_50us2
;__Lib_Delays.c,21 :: 		}
L_end_Delay_50us:
0x0040	0x0012      	RETURN      0
; end of _Delay_50us
_UART2_Write:
;__Lib_UART_c67b67.c,160 :: 		
;__Lib_UART_c67b67.c,161 :: 		
L_UART2_Write19:
0x0042	0xB272      	BTFSC       TXSTA2, 1 
0x0044	0xD001      	BRA         L_UART2_Write20
;__Lib_UART_c67b67.c,162 :: 		
0x0046	0xD7FD      	BRA         L_UART2_Write19
L_UART2_Write20:
;__Lib_UART_c67b67.c,163 :: 		
0x0048	0xFF73C02F  	MOVFF       FARG_UART2_Write_data_, TXREG2
;__Lib_UART_c67b67.c,164 :: 		
L_end_UART2_Write:
0x004C	0x0012      	RETURN      0
; end of _UART2_Write
_Lcd_Cmd:
;__Lib_Lcd.c,18 :: 		
;__Lib_Lcd.c,20 :: 		
0x004E	0xBE2F      	BTFSC       FARG_Lcd_Cmd_out_char, 7 
0x0050	0xD002      	BRA         L__Lcd_Cmd21
0x0052	0x9A81      	BCF         LCD_D7, BitPos(LCD_D7+0) 
0x0054	0xD001      	BRA         L__Lcd_Cmd22
L__Lcd_Cmd21:
0x0056	0x8A81      	BSF         LCD_D7, BitPos(LCD_D7+0) 
L__Lcd_Cmd22:
;__Lib_Lcd.c,21 :: 		
0x0058	0xBC2F      	BTFSC       FARG_Lcd_Cmd_out_char, 6 
0x005A	0xD002      	BRA         L__Lcd_Cmd23
0x005C	0x9881      	BCF         LCD_D6, BitPos(LCD_D6+0) 
0x005E	0xD001      	BRA         L__Lcd_Cmd24
L__Lcd_Cmd23:
0x0060	0x8881      	BSF         LCD_D6, BitPos(LCD_D6+0) 
L__Lcd_Cmd24:
;__Lib_Lcd.c,22 :: 		
0x0062	0xBA2F      	BTFSC       FARG_Lcd_Cmd_out_char, 5 
0x0064	0xD002      	BRA         L__Lcd_Cmd25
0x0066	0x9681      	BCF         LCD_D5, BitPos(LCD_D5+0) 
0x0068	0xD001      	BRA         L__Lcd_Cmd26
L__Lcd_Cmd25:
0x006A	0x8681      	BSF         LCD_D5, BitPos(LCD_D5+0) 
L__Lcd_Cmd26:
;__Lib_Lcd.c,23 :: 		
0x006C	0xB82F      	BTFSC       FARG_Lcd_Cmd_out_char, 4 
0x006E	0xD002      	BRA         L__Lcd_Cmd27
0x0070	0x9481      	BCF         LCD_D4, BitPos(LCD_D4+0) 
0x0072	0xD001      	BRA         L__Lcd_Cmd28
L__Lcd_Cmd27:
0x0074	0x8481      	BSF         LCD_D4, BitPos(LCD_D4+0) 
L__Lcd_Cmd28:
;__Lib_Lcd.c,25 :: 		
0x0076	0xB019      	BTFSC       __Lib_Lcd_cmd_status, BitPos(__Lib_Lcd_cmd_status+0) 
0x0078	0xD002      	BRA         L__Lcd_Cmd29
0x007A	0x8082      	BSF         LCD_RS, BitPos(LCD_RS+0) 
0x007C	0xD001      	BRA         L__Lcd_Cmd30
L__Lcd_Cmd29:
0x007E	0x9082      	BCF         LCD_RS, BitPos(LCD_RS+0) 
L__Lcd_Cmd30:
;__Lib_Lcd.c,28 :: 		
0x0080	0x8282      	BSF         LCD_EN, BitPos(LCD_EN+0) 
;__Lib_Lcd.c,29 :: 		
0x0082	0xDFCC      	RCALL       _Delay_1us
;__Lib_Lcd.c,30 :: 		
0x0084	0x9282      	BCF         LCD_EN, BitPos(LCD_EN+0) 
;__Lib_Lcd.c,33 :: 		
0x0086	0xB62F      	BTFSC       FARG_Lcd_Cmd_out_char, 3 
0x0088	0xD002      	BRA         L__Lcd_Cmd31
0x008A	0x9A81      	BCF         LCD_D7, BitPos(LCD_D7+0) 
0x008C	0xD001      	BRA         L__Lcd_Cmd32
L__Lcd_Cmd31:
0x008E	0x8A81      	BSF         LCD_D7, BitPos(LCD_D7+0) 
L__Lcd_Cmd32:
;__Lib_Lcd.c,34 :: 		
0x0090	0xB42F      	BTFSC       FARG_Lcd_Cmd_out_char, 2 
0x0092	0xD002      	BRA         L__Lcd_Cmd33
0x0094	0x9881      	BCF         LCD_D6, BitPos(LCD_D6+0) 
0x0096	0xD001      	BRA         L__Lcd_Cmd34
L__Lcd_Cmd33:
0x0098	0x8881      	BSF         LCD_D6, BitPos(LCD_D6+0) 
L__Lcd_Cmd34:
;__Lib_Lcd.c,35 :: 		
0x009A	0xB22F      	BTFSC       FARG_Lcd_Cmd_out_char, 1 
0x009C	0xD002      	BRA         L__Lcd_Cmd35
0x009E	0x9681      	BCF         LCD_D5, BitPos(LCD_D5+0) 
0x00A0	0xD001      	BRA         L__Lcd_Cmd36
L__Lcd_Cmd35:
0x00A2	0x8681      	BSF         LCD_D5, BitPos(LCD_D5+0) 
L__Lcd_Cmd36:
;__Lib_Lcd.c,36 :: 		
0x00A4	0xB02F      	BTFSC       FARG_Lcd_Cmd_out_char, 0 
0x00A6	0xD002      	BRA         L__Lcd_Cmd37
0x00A8	0x9481      	BCF         LCD_D4, BitPos(LCD_D4+0) 
0x00AA	0xD001      	BRA         L__Lcd_Cmd38
L__Lcd_Cmd37:
0x00AC	0x8481      	BSF         LCD_D4, BitPos(LCD_D4+0) 
L__Lcd_Cmd38:
;__Lib_Lcd.c,38 :: 		
0x00AE	0xB019      	BTFSC       __Lib_Lcd_cmd_status, BitPos(__Lib_Lcd_cmd_status+0) 
0x00B0	0xD002      	BRA         L__Lcd_Cmd39
0x00B2	0x8082      	BSF         LCD_RS, BitPos(LCD_RS+0) 
0x00B4	0xD001      	BRA         L__Lcd_Cmd40
L__Lcd_Cmd39:
0x00B6	0x9082      	BCF         LCD_RS, BitPos(LCD_RS+0) 
L__Lcd_Cmd40:
;__Lib_Lcd.c,40 :: 		
0x00B8	0x8282      	BSF         LCD_EN, BitPos(LCD_EN+0) 
;__Lib_Lcd.c,41 :: 		
0x00BA	0xDFB0      	RCALL       _Delay_1us
;__Lib_Lcd.c,42 :: 		
0x00BC	0x9282      	BCF         LCD_EN, BitPos(LCD_EN+0) 
;__Lib_Lcd.c,44 :: 		
0x00BE	0xA019      	BTFSS       __Lib_Lcd_cmd_status, BitPos(__Lib_Lcd_cmd_status+0) 
0x00C0	0xD002      	BRA         L_Lcd_Cmd0
;__Lib_Lcd.c,45 :: 		
0x00C2	0xDFAF      	RCALL       _Delay_5500us
0x00C4	0xD001      	BRA         L_Lcd_Cmd1
L_Lcd_Cmd0:
;__Lib_Lcd.c,47 :: 		
0x00C6	0xDFB8      	RCALL       _Delay_50us
L_Lcd_Cmd1:
;__Lib_Lcd.c,48 :: 		
L_end_Lcd_Cmd:
0x00C8	0x0012      	RETURN      0
; end of _Lcd_Cmd
_Lcd_Chr_CP:
;__Lib_Lcd.c,50 :: 		
;__Lib_Lcd.c,52 :: 		
0x00CA	0x9019      	BCF         __Lib_Lcd_cmd_status, BitPos(__Lib_Lcd_cmd_status+0) 
;__Lib_Lcd.c,53 :: 		
0x00CC	0xF02FC02B  	MOVFF       FARG_Lcd_Chr_CP_out_char, FARG_Lcd_Cmd_out_char
0x00D0	0xDFBE      	RCALL       _Lcd_Cmd
;__Lib_Lcd.c,54 :: 		
0x00D2	0x8019      	BSF         __Lib_Lcd_cmd_status, BitPos(__Lib_Lcd_cmd_status+0) 
;__Lib_Lcd.c,55 :: 		
L_end_Lcd_Chr_CP:
0x00D4	0x0012      	RETURN      0
; end of _Lcd_Chr_CP
_UART2_Read:
;__Lib_UART_c67b67.c,141 :: 		
;__Lib_UART_c67b67.c,144 :: 		
0x00D6	0xF001CF74  	MOVFF       RCREG2, R1
;__Lib_UART_c67b67.c,145 :: 		
0x00DA	0xA271      	BTFSS       RCSTA2, 1 
0x00DC	0xD002      	BRA         L_UART2_Read18
;__Lib_UART_c67b67.c,146 :: 		
0x00DE	0x9871      	BCF         RCSTA2, 4 
;__Lib_UART_c67b67.c,147 :: 		
0x00E0	0x8871      	BSF         RCSTA2, 4 
;__Lib_UART_c67b67.c,148 :: 		
L_UART2_Read18:
;__Lib_UART_c67b67.c,149 :: 		
0x00E2	0xF000C001  	MOVFF       R1, R0
;__Lib_UART_c67b67.c,150 :: 		
L_end_UART2_Read:
0x00E6	0x0012      	RETURN      0
; end of _UART2_Read
_UART2_Data_Ready:
;__Lib_UART_c67b67.c,136 :: 		
;__Lib_UART_c67b67.c,137 :: 		
0x00E8	0x0E00      	MOVLW       0
0x00EA	0xBAA4      	BTFSC       RC2IF_bit, BitPos(RC2IF_bit+0) 
0x00EC	0x0E01      	MOVLW       1
0x00EE	0x6E00      	MOVWF       R0 
;__Lib_UART_c67b67.c,138 :: 		
L_end_UART2_Data_Ready:
0x00F0	0x0012      	RETURN      0
; end of _UART2_Data_Ready
_UART2_Init:
;__Lib_UART_c67b67.c,117 :: 		
;__Lib_UART_c67b67.c,120 :: 		
0x00F2	0x0E42      	MOVLW       _UART2_Write
0x00F4	0x6E27      	MOVWF       _UART_Wr_Ptr 
0x00F6	0x0E00      	MOVLW       hi_addr(_UART2_Write)
0x00F8	0x6E28      	MOVWF       _UART_Wr_Ptr+1 
0x00FA	0x0E2F      	MOVLW       FARG_UART2_Write_data_
0x00FC	0x6E29      	MOVWF       _UART_Wr_Ptr+2 
0x00FE	0x0E00      	MOVLW       hi_addr(FARG_UART2_Write_data_)
0x0100	0x6E2A      	MOVWF       _UART_Wr_Ptr+3 
;__Lib_UART_c67b67.c,121 :: 		
0x0102	0x0ED6      	MOVLW       _UART2_Read
0x0104	0x6E1B      	MOVWF       _UART_Rd_Ptr 
0x0106	0x0E00      	MOVLW       hi_addr(_UART2_Read)
0x0108	0x6E1C      	MOVWF       _UART_Rd_Ptr+1 
0x010A	0x0E00      	MOVLW       0
0x010C	0x6E1D      	MOVWF       _UART_Rd_Ptr+2 
0x010E	0x0E00      	MOVLW       0
0x0110	0x6E1E      	MOVWF       _UART_Rd_Ptr+3 
;__Lib_UART_c67b67.c,122 :: 		
0x0112	0x0EE8      	MOVLW       _UART2_Data_Ready
0x0114	0x6E1F      	MOVWF       _UART_Rdy_Ptr 
0x0116	0x0E00      	MOVLW       hi_addr(_UART2_Data_Ready)
0x0118	0x6E20      	MOVWF       _UART_Rdy_Ptr+1 
0x011A	0x0E00      	MOVLW       0
0x011C	0x6E21      	MOVWF       _UART_Rdy_Ptr+2 
0x011E	0x0E00      	MOVLW       0
0x0120	0x6E22      	MOVWF       _UART_Rdy_Ptr+3 
;__Lib_UART_c67b67.c,123 :: 		
0x0122	0x0EFF      	MOVLW       _UART2_Tx_Idle
0x0124	0x6E23      	MOVWF       _UART_Tx_Idle_Ptr 
0x0126	0x0EFF      	MOVLW       hi_addr(_UART2_Tx_Idle)
0x0128	0x6E24      	MOVWF       _UART_Tx_Idle_Ptr+1 
0x012A	0x0E00      	MOVLW       0
0x012C	0x6E25      	MOVWF       _UART_Tx_Idle_Ptr+2 
0x012E	0x0E00      	MOVLW       0
0x0130	0x6E26      	MOVWF       _UART_Tx_Idle_Ptr+3 
;__Lib_UART_c67b67.c,125 :: 		
0x0132	0x8A72      	BSF         TXSTA2, 5 
;__Lib_UART_c67b67.c,126 :: 		
0x0134	0x0E90      	MOVLW       144
0x0136	0x6E71      	MOVWF       RCSTA2 
;__Lib_UART_c67b67.c,127 :: 		
0x0138	0x8E93      	BSF         TRISB7_bit, BitPos(TRISB7_bit+0) 
;__Lib_UART_c67b67.c,128 :: 		
0x013A	0x9C93      	BCF         TRISB6_bit, BitPos(TRISB6_bit+0) 
;__Lib_UART_c67b67.c,130 :: 		
L_UART2_Init16:
0x013C	0xAAA4      	BTFSS       RC2IF_bit, BitPos(RC2IF_bit+0) 
0x013E	0xD003      	BRA         L_UART2_Init17
;__Lib_UART_c67b67.c,131 :: 		
0x0140	0xF000CF74  	MOVFF       RCREG2, R0
0x0144	0xD7FB      	BRA         L_UART2_Init16
L_UART2_Init17:
;__Lib_UART_c67b67.c,132 :: 		
L_end_UART2_Init:
0x0146	0x0012      	RETURN      0
; end of _UART2_Init
_Lcd_Init:
;__Lib_Lcd.c,84 :: 		
;__Lib_Lcd.c,86 :: 		
0x0148	0x9294      	BCF         LCD_EN_Direction, BitPos(LCD_EN_Direction+0) 
;__Lib_Lcd.c,87 :: 		
0x014A	0x9094      	BCF         LCD_RS_Direction, BitPos(LCD_RS_Direction+0) 
;__Lib_Lcd.c,88 :: 		
0x014C	0x9493      	BCF         LCD_D4_Direction, BitPos(LCD_D4_Direction+0) 
;__Lib_Lcd.c,89 :: 		
0x014E	0x9693      	BCF         LCD_D5_Direction, BitPos(LCD_D5_Direction+0) 
;__Lib_Lcd.c,90 :: 		
0x0150	0x9893      	BCF         LCD_D6_Direction, BitPos(LCD_D6_Direction+0) 
;__Lib_Lcd.c,91 :: 		
0x0152	0x9A93      	BCF         LCD_D7_Direction, BitPos(LCD_D7_Direction+0) 
;__Lib_Lcd.c,93 :: 		
0x0154	0x9282      	BCF         LCD_EN, BitPos(LCD_EN+0) 
;__Lib_Lcd.c,94 :: 		
0x0156	0x9082      	BCF         LCD_RS, BitPos(LCD_RS+0) 
;__Lib_Lcd.c,95 :: 		
0x0158	0x9A81      	BCF         LCD_D7, BitPos(LCD_D7+0) 
;__Lib_Lcd.c,96 :: 		
0x015A	0x9881      	BCF         LCD_D6, BitPos(LCD_D6+0) 
;__Lib_Lcd.c,97 :: 		
0x015C	0x9681      	BCF         LCD_D5, BitPos(LCD_D5+0) 
;__Lib_Lcd.c,98 :: 		
0x015E	0x9481      	BCF         LCD_D4, BitPos(LCD_D4+0) 
;__Lib_Lcd.c,100 :: 		
0x0160	0xDF60      	RCALL       _Delay_5500us
;__Lib_Lcd.c,101 :: 		
0x0162	0xDF5F      	RCALL       _Delay_5500us
;__Lib_Lcd.c,102 :: 		
0x0164	0xDF5E      	RCALL       _Delay_5500us
;__Lib_Lcd.c,105 :: 		
0x0166	0x8681      	BSF         LCD_D5, BitPos(LCD_D5+0) 
;__Lib_Lcd.c,106 :: 		
0x0168	0x8481      	BSF         LCD_D4, BitPos(LCD_D4+0) 
;__Lib_Lcd.c,107 :: 		
0x016A	0x8282      	BSF         LCD_EN, BitPos(LCD_EN+0) 
;__Lib_Lcd.c,108 :: 		
0x016C	0xDF57      	RCALL       _Delay_1us
;__Lib_Lcd.c,109 :: 		
0x016E	0x9282      	BCF         LCD_EN, BitPos(LCD_EN+0) 
;__Lib_Lcd.c,110 :: 		
0x0170	0xDF58      	RCALL       _Delay_5500us
;__Lib_Lcd.c,112 :: 		
0x0172	0x8282      	BSF         LCD_EN, BitPos(LCD_EN+0) 
;__Lib_Lcd.c,113 :: 		
0x0174	0xDF53      	RCALL       _Delay_1us
;__Lib_Lcd.c,114 :: 		
0x0176	0x9282      	BCF         LCD_EN, BitPos(LCD_EN+0) 
;__Lib_Lcd.c,115 :: 		
0x0178	0xDF54      	RCALL       _Delay_5500us
;__Lib_Lcd.c,117 :: 		
0x017A	0x8282      	BSF         LCD_EN, BitPos(LCD_EN+0) 
;__Lib_Lcd.c,118 :: 		
0x017C	0xDF4F      	RCALL       _Delay_1us
;__Lib_Lcd.c,119 :: 		
0x017E	0x9282      	BCF         LCD_EN, BitPos(LCD_EN+0) 
;__Lib_Lcd.c,120 :: 		
0x0180	0xDF50      	RCALL       _Delay_5500us
;__Lib_Lcd.c,123 :: 		
0x0182	0x9481      	BCF         LCD_D4, BitPos(LCD_D4+0) 
;__Lib_Lcd.c,124 :: 		
0x0184	0x8282      	BSF         LCD_EN, BitPos(LCD_EN+0) 
;__Lib_Lcd.c,125 :: 		
0x0186	0xDF4A      	RCALL       _Delay_1us
;__Lib_Lcd.c,126 :: 		
0x0188	0x9282      	BCF         LCD_EN, BitPos(LCD_EN+0) 
;__Lib_Lcd.c,127 :: 		
0x018A	0xDF4B      	RCALL       _Delay_5500us
;__Lib_Lcd.c,130 :: 		
0x018C	0x8282      	BSF         LCD_EN, BitPos(LCD_EN+0) 
;__Lib_Lcd.c,131 :: 		
0x018E	0xDF46      	RCALL       _Delay_1us
;__Lib_Lcd.c,132 :: 		
0x0190	0x9282      	BCF         LCD_EN, BitPos(LCD_EN+0) 
;__Lib_Lcd.c,134 :: 		
0x0192	0x9681      	BCF         LCD_D5, BitPos(LCD_D5+0) 
;__Lib_Lcd.c,135 :: 		
0x0194	0x8A81      	BSF         LCD_D7, BitPos(LCD_D7+0) 
;__Lib_Lcd.c,136 :: 		
0x0196	0x8282      	BSF         LCD_EN, BitPos(LCD_EN+0) 
;__Lib_Lcd.c,137 :: 		
0x0198	0xDF41      	RCALL       _Delay_1us
;__Lib_Lcd.c,138 :: 		
0x019A	0x9282      	BCF         LCD_EN, BitPos(LCD_EN+0) 
;__Lib_Lcd.c,139 :: 		
0x019C	0xDF42      	RCALL       _Delay_5500us
;__Lib_Lcd.c,142 :: 		
0x019E	0x9A81      	BCF         LCD_D7, BitPos(LCD_D7+0) 
;__Lib_Lcd.c,143 :: 		
0x01A0	0x8481      	BSF         LCD_D4, BitPos(LCD_D4+0) 
;__Lib_Lcd.c,144 :: 		
0x01A2	0x8282      	BSF         LCD_EN, BitPos(LCD_EN+0) 
;__Lib_Lcd.c,145 :: 		
0x01A4	0xDF3B      	RCALL       _Delay_1us
;__Lib_Lcd.c,146 :: 		
0x01A6	0x9282      	BCF         LCD_EN, BitPos(LCD_EN+0) 
;__Lib_Lcd.c,148 :: 		
0x01A8	0x9481      	BCF         LCD_D4, BitPos(LCD_D4+0) 
;__Lib_Lcd.c,149 :: 		
0x01AA	0x8282      	BSF         LCD_EN, BitPos(LCD_EN+0) 
;__Lib_Lcd.c,150 :: 		
0x01AC	0xDF37      	RCALL       _Delay_1us
;__Lib_Lcd.c,151 :: 		
0x01AE	0x9282      	BCF         LCD_EN, BitPos(LCD_EN+0) 
;__Lib_Lcd.c,152 :: 		
0x01B0	0xDF38      	RCALL       _Delay_5500us
;__Lib_Lcd.c,155 :: 		
0x01B2	0x8282      	BSF         LCD_EN, BitPos(LCD_EN+0) 
;__Lib_Lcd.c,156 :: 		
0x01B4	0xDF33      	RCALL       _Delay_1us
;__Lib_Lcd.c,157 :: 		
0x01B6	0x9282      	BCF         LCD_EN, BitPos(LCD_EN+0) 
;__Lib_Lcd.c,159 :: 		
0x01B8	0x8481      	BSF         LCD_D4, BitPos(LCD_D4+0) 
;__Lib_Lcd.c,160 :: 		
0x01BA	0x8282      	BSF         LCD_EN, BitPos(LCD_EN+0) 
;__Lib_Lcd.c,161 :: 		
0x01BC	0xDF2F      	RCALL       _Delay_1us
;__Lib_Lcd.c,162 :: 		
0x01BE	0x9282      	BCF         LCD_EN, BitPos(LCD_EN+0) 
;__Lib_Lcd.c,163 :: 		
0x01C0	0xDF30      	RCALL       _Delay_5500us
;__Lib_Lcd.c,166 :: 		
0x01C2	0x9481      	BCF         LCD_D4, BitPos(LCD_D4+0) 
;__Lib_Lcd.c,167 :: 		
0x01C4	0x8282      	BSF         LCD_EN, BitPos(LCD_EN+0) 
;__Lib_Lcd.c,168 :: 		
0x01C6	0xDF2A      	RCALL       _Delay_1us
;__Lib_Lcd.c,169 :: 		
0x01C8	0x9282      	BCF         LCD_EN, BitPos(LCD_EN+0) 
;__Lib_Lcd.c,171 :: 		
0x01CA	0x8A81      	BSF         LCD_D7, BitPos(LCD_D7+0) 
;__Lib_Lcd.c,172 :: 		
0x01CC	0x8881      	BSF         LCD_D6, BitPos(LCD_D6+0) 
;__Lib_Lcd.c,173 :: 		
0x01CE	0x8681      	BSF         LCD_D5, BitPos(LCD_D5+0) 
;__Lib_Lcd.c,174 :: 		
0x01D0	0x8481      	BSF         LCD_D4, BitPos(LCD_D4+0) 
;__Lib_Lcd.c,175 :: 		
0x01D2	0x8282      	BSF         LCD_EN, BitPos(LCD_EN+0) 
;__Lib_Lcd.c,176 :: 		
0x01D4	0xDF23      	RCALL       _Delay_1us
;__Lib_Lcd.c,177 :: 		
0x01D6	0x9282      	BCF         LCD_EN, BitPos(LCD_EN+0) 
;__Lib_Lcd.c,179 :: 		
0x01D8	0xDF24      	RCALL       _Delay_5500us
;__Lib_Lcd.c,181 :: 		
0x01DA	0x8019      	BSF         __Lib_Lcd_cmd_status, BitPos(__Lib_Lcd_cmd_status+0) 
;__Lib_Lcd.c,182 :: 		
L_end_Lcd_Init:
0x01DC	0x0012      	RETURN      0
; end of _Lcd_Init
_UART2_Write_Text:
;__Lib_UART_c67b67.c,168 :: 		
;__Lib_UART_c67b67.c,169 :: 		
0x01DE	0x6A2E      	CLRF        UART2_Write_Text_counter_L0 
;__Lib_UART_c67b67.c,171 :: 		
0x01E0	0xFFE9C02B  	MOVFF       FARG_UART2_Write_Text_uart_text, FSR0L
0x01E4	0xFFEAC02C  	MOVFF       FARG_UART2_Write_Text_uart_text+1, FSR0H
0x01E8	0xF02DCFEE  	MOVFF       POSTINC0, UART2_Write_Text_data__L0
;__Lib_UART_c67b67.c,172 :: 		
L_UART2_Write_Text21:
0x01EC	0x502D      	MOVF        UART2_Write_Text_data__L0, 0 
0x01EE	0x0A00      	XORLW       0
0x01F0	0xE00D      	BZ          L_UART2_Write_Text22
;__Lib_UART_c67b67.c,173 :: 		
0x01F2	0xF02FC02D  	MOVFF       UART2_Write_Text_data__L0, FARG_UART2_Write_data_
0x01F6	0xDF25      	RCALL       _UART2_Write
;__Lib_UART_c67b67.c,174 :: 		
0x01F8	0x2A2E      	INCF        UART2_Write_Text_counter_L0, 1 
;__Lib_UART_c67b67.c,175 :: 		
0x01FA	0x502E      	MOVF        UART2_Write_Text_counter_L0, 0 
0x01FC	0x242B      	ADDWF       FARG_UART2_Write_Text_uart_text, 0 
0x01FE	0x6EE9      	MOVWF       FSR0L 
0x0200	0x0E00      	MOVLW       0
0x0202	0x202C      	ADDWFC      FARG_UART2_Write_Text_uart_text+1, 0 
0x0204	0x6EEA      	MOVWF       FSR0H 
0x0206	0xF02DCFEE  	MOVFF       POSTINC0, UART2_Write_Text_data__L0
;__Lib_UART_c67b67.c,176 :: 		
0x020A	0xD7F0      	BRA         L_UART2_Write_Text21
L_UART2_Write_Text22:
;__Lib_UART_c67b67.c,177 :: 		
L_end_UART2_Write_Text:
0x020C	0x0012      	RETURN      0
; end of _UART2_Write_Text
___CC2DW:
;__Lib_System.c,21 :: 		
;__Lib_System.c,23 :: 		
_CC2DL_Loop1:
;__Lib_System.c,24 :: 		
0x020E	0x0009      	TBLRD*+
;__Lib_System.c,25 :: 		
0x0210	0xFFE6CFF5  	MOVFF       TABLAT, POSTINC1
;__Lib_System.c,26 :: 		
0x0214	0x0600      	DECF        R0, 1, 0
;__Lib_System.c,27 :: 		
0x0216	0xE1FB      	BNZ         _CC2DL_Loop1
;__Lib_System.c,28 :: 		
0x0218	0x0601      	DECF        R1, 1, 0
;__Lib_System.c,29 :: 		
0x021A	0xE1F9      	BNZ         _CC2DL_Loop1
;__Lib_System.c,31 :: 		
L_end___CC2DW:
0x021C	0x0012      	RETURN      0
; end of ___CC2DW
_config:
;RECEPTION.c,63 :: 		void config()
;RECEPTION.c,65 :: 		ANSELA=0x01;                      //Passe toutes les broches en digital
0x021E	0x0E01      	MOVLW       1
0x0220	0x010F      	MOVLB       15
0x0222	0x6F38      	MOVWF       ANSELA, 1
;RECEPTION.c,66 :: 		ANSELB=0x00;
0x0224	0x6B39      	CLRF        ANSELB, 1
;RECEPTION.c,67 :: 		ANSELC=0x00;
0x0226	0x6B3A      	CLRF        ANSELC, 1
;RECEPTION.c,69 :: 		TRISA=0xFF;                       //0b11111111
0x0228	0x0EFF      	MOVLW       255
0x022A	0x6E92      	MOVWF       TRISA 
;RECEPTION.c,70 :: 		TRISB=0x81;                       //0b10000001
0x022C	0x0E81      	MOVLW       129
0x022E	0x6E93      	MOVWF       TRISB 
;RECEPTION.c,71 :: 		TRISC=0x99;                       //0b10011001      SCL et SDA en entrée
0x0230	0x0E99      	MOVLW       153
0x0232	0x6E94      	MOVWF       TRISC 
;RECEPTION.c,73 :: 		Lcd_Init();                       //Initialisation LCD
0x0234	0xDF89      	RCALL       _Lcd_Init
;RECEPTION.c,74 :: 		Lcd_Cmd(_LCD_CLEAR);              //Reset afficheur LCD
0x0236	0x0E01      	MOVLW       1
0x0238	0x6E2F      	MOVWF       FARG_Lcd_Cmd_out_char 
0x023A	0xDF09      	RCALL       _Lcd_Cmd
;RECEPTION.c,75 :: 		Lcd_Cmd(_LCD_CURSOR_OFF);         //Désactive le curseur
0x023C	0x0E0C      	MOVLW       12
0x023E	0x6E2F      	MOVWF       FARG_Lcd_Cmd_out_char 
0x0240	0xDF06      	RCALL       _Lcd_Cmd
;RECEPTION.c,77 :: 		UART2_Init(9600);                 //Initialisation RS232
0x0242	0x8670      	BSF         BAUDCON2, 3, 0
0x0244	0x6A76      	CLRF        SPBRGH2 
0x0246	0x0ECF      	MOVLW       207
0x0248	0x6E75      	MOVWF       SPBRG2 
0x024A	0x8472      	BSF         TXSTA2, 2, 0
0x024C	0xDF52      	RCALL       _UART2_Init
;RECEPTION.c,79 :: 		}
L_end_config:
0x024E	0x0012      	RETURN      0
; end of _config
_reception:
;RECEPTION.c,80 :: 		void reception()
;RECEPTION.c,82 :: 		if(BP1==0)
0x0250	0xB280      	BTFSC       PORTA, 1 
0x0252	0xD005      	BRA         L_reception2
;RECEPTION.c,83 :: 		{UART2_Write_Text("A");
0x0254	0x0E17      	MOVLW       ?lstr1_RECEPTION
0x0256	0x6E2B      	MOVWF       FARG_UART2_Write_Text_uart_text 
0x0258	0x0E00      	MOVLW       hi_addr(?lstr1_RECEPTION)
0x025A	0x6E2C      	MOVWF       FARG_UART2_Write_Text_uart_text+1 
0x025C	0xDFC0      	RCALL       _UART2_Write_Text
;RECEPTION.c,84 :: 		}
L_reception2:
;RECEPTION.c,86 :: 		if(UART2_Data_Ready()==1)
0x025E	0xDF44      	RCALL       _UART2_Data_Ready
0x0260	0x5000      	MOVF        R0, 0 
0x0262	0x0A01      	XORLW       1
0x0264	0xE108      	BNZ         L_reception3
;RECEPTION.c,88 :: 		receive=UART2_Read();
0x0266	0xDF37      	RCALL       _UART2_Read
0x0268	0xF01AC000  	MOVFF       R0, _receive
;RECEPTION.c,89 :: 		Lcd_Chr_Cp(receive);
0x026C	0xF02BC000  	MOVFF       R0, FARG_Lcd_Chr_CP_out_char
0x0270	0xDF2C      	RCALL       _Lcd_Chr_CP
;RECEPTION.c,90 :: 		i++;
0x0272	0x4A15      	INFSNZ      _i, 1 
0x0274	0x2A16      	INCF        _i+1, 1 
;RECEPTION.c,91 :: 		}
L_reception3:
;RECEPTION.c,92 :: 		if(i==16)
0x0276	0x0E00      	MOVLW       0
0x0278	0x1816      	XORWF       _i+1, 0 
0x027A	0xE102      	BNZ         L__reception8
0x027C	0x0E10      	MOVLW       16
0x027E	0x1815      	XORWF       _i, 0 
L__reception8:
0x0280	0xE105      	BNZ         L_reception4
;RECEPTION.c,93 :: 		{i=0;
0x0282	0x6A15      	CLRF        _i 
0x0284	0x6A16      	CLRF        _i+1 
;RECEPTION.c,94 :: 		LCD_CMD(_LCD_CLEAR);
0x0286	0x0E01      	MOVLW       1
0x0288	0x6E2F      	MOVWF       FARG_Lcd_Cmd_out_char 
0x028A	0xDEE1      	RCALL       _Lcd_Cmd
;RECEPTION.c,96 :: 		}
L_reception4:
;RECEPTION.c,98 :: 		}
L_end_reception:
0x028C	0x0012      	RETURN      0
; end of _reception
_main:
0x028E	0x6A15      	CLRF        _i 
0x0290	0x6A16      	CLRF        22 
0x0292	0x0E41      	MOVLW       65
0x0294	0x6E17      	MOVWF       ?lstr1_RECEPTION 
0x0296	0x6A18      	CLRF        24 
;RECEPTION.c,51 :: 		void main()
;RECEPTION.c,53 :: 		config();                                //Appel le sous-programme
0x0298	0xDFC2      	RCALL       _config
;RECEPTION.c,55 :: 		while(1)                                 //Boucle infinie
L_main0:
;RECEPTION.c,57 :: 		reception();
0x029A	0xDFDA      	RCALL       _reception
;RECEPTION.c,58 :: 		}
0x029C	0xD7FE      	BRA         L_main0
;RECEPTION.c,59 :: 		}
L_end_main:
0x029E	0xD7FF      	BRA         $+0
; end of _main
Symbol List:
//** Routines locations **
//ADDRESS    SIZE    PROCEDURE
//----------------------------------------------
0x001C       [6]    _Delay_1us
0x0022      [22]    _Delay_5500us
0x0038      [10]    _Delay_50us
0x0042      [12]    _UART2_Write
0x004E     [124]    _Lcd_Cmd
0x00CA      [12]    _Lcd_Chr_CP
0x00D6      [18]    _UART2_Read
0x00E8      [10]    _UART2_Data_Ready
0x00F2      [86]    _UART2_Init
0x0148     [150]    _Lcd_Init
0x01DE      [48]    _UART2_Write_Text
0x020E      [16]    ___CC2DW
0x021E      [50]    _config
0x0250      [62]    _reception
0x028E      [18]    _main
//** Variables locations ** 
//ADDRESS    SIZE    VARIABLE
//----------------------------------------------
0x0000       [1]    SPI2_Write_tmp_L0
0x0000       [1]    UART1_Init_tmp_L0
0x0000       [1]    UART2_Init_tmp_L0
0x0000       [1]    R0
0x0000       [1]    SPI1_Write_tmp_L0
0x0001       [1]    R1
0x0001       [1]    UART2_Read___tmp_UART2_Read_L0
0x0001       [1]    ispunct_rslt_L0
0x0001       [1]    UART1_Read___tmp_UART1_Read_L0
0x0001       [1]    I2C2_Rd_tmp_L0
0x0001       [1]    I2C1_Rd_tmp_L0
0x0002       [1]    R2
0x0002       [2]    memset_pp_L0
0x0002       [2]    memchr_s_L0
0x0002       [2]    memcpy_dd_L0
0x0002       [2]    strlen_cp_L0
0x0003       [2]    Ltrim_original_L0
0x0003       [1]    R3
0x0003       [2]    memmove_tt_L0
0x0004       [2]    strncpy_cp_L0
0x0004       [1]    R4
0x0004       [2]    strncat_cp_L0
0x0004       [2]    strcat_cp_L0
0x0004       [2]    strcpy_cp_L0
0x0004       [2]    memcpy_ss_L0
0x0005       [2]    LongWordToHex_input_half_L0
0x0005       [2]    LongIntToHex_input_half_L0
0x0005       [1]    R5
0x0005       [2]    Ltrim_p_L0
0x0005       [2]    memmove_ff_L0
0x0006       [1]    R6
0x0007       [1]    R7
0x0008       [1]    R8
0x0009       [1]    R9
0x000A       [1]    R10
0x000B       [1]    R11
0x000C       [1]    R12
0x000D       [1]    R13
0x000E       [1]    R14
0x000F       [1]    R15
0x0010       [1]    R16
0x0011       [1]    R17
0x0012       [1]    R18
0x0013       [1]    R19
0x0014       [1]    R20
0x0015       [2]    _i
0x0017       [2]    ?lstr1_RECEPTION
0x0019       [0]    __Lib_Lcd_cmd_status
0x001A       [1]    _receive
0x001B       [4]    _UART_Rd_Ptr
0x001F       [4]    _UART_Rdy_Ptr
0x0023       [4]    _UART_Tx_Idle_Ptr
0x0027       [4]    _UART_Wr_Ptr
0x002B       [2]    FARG_UART2_Write_Text_uart_text
0x002B       [1]    FARG_Lcd_Chr_CP_out_char
0x002D       [1]    UART2_Write_Text_data__L0
0x002E       [1]    UART2_Write_Text_counter_L0
0x002F       [1]    FARG_Lcd_Cmd_out_char
0x002F       [1]    FARG_UART2_Write_data_
0x0F38       [1]    ANSELA
0x0F39       [1]    ANSELB
0x0F3A       [1]    ANSELC
0x0F70       [1]    BAUDCON2
0x0F71       [1]    RCSTA2
0x0F72       [1]    TXSTA2
0x0F73       [1]    TXREG2
0x0F74       [1]    RCREG2
0x0F75       [1]    SPBRG2
0x0F76       [1]    SPBRGH2
0x0F80       [1]    PORTA
0x0F81       [0]    RB3_bit
0x0F81       [0]    RB5_bit
0x0F81       [0]    RB2_bit
0x0F81       [0]    RB4_bit
0x0F81       [0]    LCD_D7
0x0F81       [0]    LCD_D6
0x0F81       [0]    LCD_D4
0x0F81       [0]    LCD_D5
0x0F82       [0]    RC0_bit
0x0F82       [0]    RC1_bit
0x0F82       [0]    LCD_RS
0x0F82       [0]    LCD_EN
0x0F92       [1]    TRISA
0x0F93       [0]    TRISB3_bit
0x0F93       [0]    LCD_D6_Direction
0x0F93       [0]    LCD_D7_Direction
0x0F93       [0]    TRISB5_bit
0x0F93       [1]    TRISB
0x0F93       [0]    TRISB4_bit
0x0F93       [0]    LCD_D5_Direction
0x0F93       [0]    TRISB6_bit
0x0F93       [0]    TRISB2_bit
0x0F93       [0]    TRISB7_bit
0x0F93       [0]    LCD_D4_Direction
0x0F94       [0]    LCD_EN_Direction
0x0F94       [0]    LCD_RS_Direction
0x0F94       [0]    TRISC0_bit
0x0F94       [1]    TRISC
0x0F94       [0]    TRISC1_bit
0x0FA4       [0]    RC2IF_bit
0x0FD8       [1]    STATUS
0x0FD9       [1]    FSR2L
0x0FDA       [1]    FSR2H
0x0FDE       [1]    POSTINC2
0x0FE0       [1]    BSR
0x0FE1       [1]    FSR1L
0x0FE2       [1]    FSR1H
0x0FE4       [1]    PREINC1
0x0FE6       [1]    POSTINC1
0x0FE7       [1]    INDF1
0x0FE8       [1]    WREG
0x0FE9       [1]    FSR0L
0x0FEA       [1]    FSR0H
0x0FEE       [1]    POSTINC0
0x0FF3       [1]    PRODL
0x0FF4       [1]    PRODH
0x0FF5       [1]    TABLAT
0x0FF6       [1]    TBLPTRL
0x0FF7       [1]    TBLPTRH
0x0FF8       [1]    TBLPTRU
//** Label List: ** 
//----------------------------------------------
  L_main0
  L_main1
  L_reception2
  L_reception3
  L_reception4
  L_end_main
  _main
  L_end_config
  _config
  L_end_reception
  _reception
  L__reception8
  L_Delay_10us0
  L_Delay_22us1
  L_Delay_50us2
  L_Delay_80us3
  L_Delay_500us4
  L_Delay_5500us5
  L_Delay_1ms6
  L_Delay_5ms7
  L_Delay_8ms8
  L_Delay_100ms9
  L_Delay_10ms10
  L_Delay_1sec11
  L____Boot_Delay4k12
  L____Boot_Delay8k13
  L____Boot_Delay12k14
  L____Boot_Delay16k15
  L____Boot_Delay24k16
  L____Boot_Delay32k17
  L____Boot_Delay48k18
  L____Boot_Delay64k19
  L____Boot_Delay128k20
  L_Delay_Cyc21
  L_Delay_Cyc22
  L_VDelay_ms23
  L_VDelay_ms24
  L_VDelay_ms25
  L_VDelay_Advanced_ms26
  L_VDelay_Advanced_ms27
  L_VDelay_Advanced_ms28
  L_end_Get_Fosc_kHz
  _Get_Fosc_kHz
  L_end_Delay_1us
  _Delay_1us
  L_end_Delay_10us
  _Delay_10us
  L_end_Delay_22us
  _Delay_22us
  L_end_Delay_50us
  _Delay_50us
  L_end_Delay_80us
  _Delay_80us
  L_end_Delay_500us
  _Delay_500us
  L_end_Delay_5500us
  _Delay_5500us
  L_end_Delay_1ms
  _Delay_1ms
  L_end_Delay_5ms
  _Delay_5ms
  L_end_Delay_8ms
  _Delay_8ms
  L_end_Delay_100ms
  _Delay_100ms
  L_end_Delay_10ms
  _Delay_10ms
  L_end_Delay_1sec
  _Delay_1sec
  L_end____Boot_Delay4k
  ____Boot_Delay4k
  L_end____Boot_Delay8k
  ____Boot_Delay8k
  L_end____Boot_Delay12k
  ____Boot_Delay12k
  L_end____Boot_Delay16k
  ____Boot_Delay16k
  L_end____Boot_Delay24k
  ____Boot_Delay24k
  L_end____Boot_Delay32k
  ____Boot_Delay32k
  L_end____Boot_Delay48k
  ____Boot_Delay48k
  L_end____Boot_Delay64k
  ____Boot_Delay64k
  L_end____Boot_Delay128k
  ____Boot_Delay128k
  L_end_Delay_Cyc
  _Delay_Cyc
  L_end_VDelay_ms
  _VDelay_ms
  L__VDelay_ms54
  L__VDelay_ms55
  L__VDelay_ms56
  L_end_VDelay_Advanced_ms
  _VDelay_Advanced_ms
  L__VDelay_Advanced_ms58
  L__VDelay_Advanced_ms59
  L__VDelay_Advanced_ms60
  L_Lcd_Cmd0
  L_Lcd_Cmd1
  L_Lcd_Out_CP2
  L_Lcd_Out_CP3
  L_Lcd_Chr4
  L_Lcd_Chr5
  L_Lcd_Chr6
  L_Lcd_Chr7
  L_Lcd_Chr8
  L_Lcd_Chr9
  L_Lcd_Chr10
  L_Lcd_Out11
  L_Lcd_Out12
  L_Lcd_Out13
  L_Lcd_Out14
  L_Lcd_Out15
  L_Lcd_Out16
  L_Lcd_Out17
  L_Lcd_Out18
  L_Lcd_Out19
  L_end_Lcd_Cmd
  _Lcd_Cmd
  L__Lcd_Cmd21
  L__Lcd_Cmd22
  L__Lcd_Cmd23
  L__Lcd_Cmd24
  L__Lcd_Cmd25
  L__Lcd_Cmd26
  L__Lcd_Cmd27
  L__Lcd_Cmd28
  L__Lcd_Cmd29
  L__Lcd_Cmd30
  L__Lcd_Cmd31
  L__Lcd_Cmd32
  L__Lcd_Cmd33
  L__Lcd_Cmd34
  L__Lcd_Cmd35
  L__Lcd_Cmd36
  L__Lcd_Cmd37
  L__Lcd_Cmd38
  L__Lcd_Cmd39
  L__Lcd_Cmd40
  L_end_Lcd_Chr_CP
  _Lcd_Chr_CP
  L_end_Lcd_Out_CP
  _Lcd_Out_CP
  L_end_Lcd_Chr
  _Lcd_Chr
  L_end_Lcd_Init
  _Lcd_Init
  L_end_Lcd_Out
  _Lcd_Out
  _CC2D_Loop1
  _CC2DL_Loop1
  L_loopCA2AWs
  L_loopCCA2AWs
  L_loopCS2Ss
  L_CS2Send
  L_loopCCS2Ss
  L_CCS2Send
  L_loopFZinSWs
  L_longjmp7
  L_end___CC2D
  ___CC2D
  L_end___CC2DW
  ___CC2DW
  L_end___CA2AW
  ___CA2AW
  L_end___CCA2AW
  ___CCA2AW
  L_end___CS2S
  ___CS2S
  L_end___CCS2S
  ___CCS2S
  L_end___FZinS
  ___FZinS
  L_end_____DoIFC
  _____DoIFC
  L_end_Swap
  _Swap
  L_end_setjmp
  _setjmp
  L_end_longjmp
  _longjmp
  L_UART1_Init0
  L_UART1_Init1
  L_UART1_Read2
  L_UART1_Write3
  L_UART1_Write4
  L_UART1_Write_Text5
  L_UART1_Write_Text6
  L_UART1_Read_Text7
  L_UART1_Read_Text8
  L_UART1_Read_Text9
  L_UART1_Read_Text10
  L_UART1_Read_Text11
  L_UART1_Read_Text12
  L_UART1_Read_Text13
  L_UART1_Read_Text14
  L_UART1_Read_Text15
  L_UART2_Init16
  L_UART2_Init17
  L_UART2_Read18
  L_UART2_Write19
  L_UART2_Write20
  L_UART2_Write_Text21
  L_UART2_Write_Text22
  L_UART2_Read_Text23
  L_UART2_Read_Text24
  L_UART2_Read_Text25
  L_UART2_Read_Text26
  L_UART2_Read_Text27
  L_UART2_Read_Text28
  L_UART2_Read_Text29
  L_UART2_Read_Text30
  L_UART2_Read_Text31
  L_UART_Write_Text32
  L_UART_Write_Text33
  L_UART_Read_Text34
  L_UART_Read_Text35
  L_UART_Read_Text36
  L_UART_Read_Text37
  L_UART_Read_Text38
  L_UART_Read_Text39
  L_UART_Read_Text40
  L_UART_Read_Text41
  L_UART_Read_Text42
  L_end_UART1_Init
  _UART1_Init
  L_end_UART1_Data_Ready
  _UART1_Data_Ready
  L_end_UART1_Read
  _UART1_Read
  L_end_UART1_Tx_Idle
  _UART1_Tx_Idle
  L_end_UART1_Write
  _UART1_Write
  L_end_UART1_Write_Text
  _UART1_Write_Text
  L_end_UART1_Read_Text
  _UART1_Read_Text
  L_end_UART2_Init
  _UART2_Init
  L_end_UART2_Data_Ready
  _UART2_Data_Ready
  L_end_UART2_Read
  _UART2_Read
  L_end_UART2_Tx_Idle
  _UART2_Tx_Idle
  L_end_UART2_Write
  _UART2_Write
  L_end_UART2_Write_Text
  _UART2_Write_Text
  L_end_UART2_Read_Text
  _UART2_Read_Text
  L_end_UART_Set_Active
  _UART_Set_Active
  L_end_UART_Write
  _UART_Write
  L_end_UART_Write_Text
  _UART_Write_Text
  L_end_UART_Read
  _UART_Read
  L_end_UART_Data_Ready
  _UART_Data_Ready
  L_end_UART_Read_Text
  _UART_Read_Text
  L_end_UART_Tx_Idle
  _UART_Tx_Idle
