AutoECO Report
FILE-A: C:\USERS\JJCOT\DROPBOX\PROJETS_BTS 2018\BERGER JORDAN\DOSSIER MODULE 4\ORCAD\BERGER_VALAR2000_V3_COR4_2.MAX
FILE-B: C:\USERS\JJCOT\DROPBOX\PROJETS_BTS 2018\BERGER JORDAN\DOSSIER MODULE 4\ORCAD\BERGER_VALAR2000_V3_COR4.MNL
If "*EOF*" immediately follows, no changes were made
Adding footprint TSTPT1
Adding footprint BP-D6
Adding footprint DIP8
Adding footprint LCD_ACM-1602A_TROUS
Adding footprint PLP3481/AA
Adding footprint DIP28
Adding footprint SUPPORT_PILE_CR20XX
Adding footprint DO35_1
Adding footprint POT_AJUST_H
Adding footprint GSM_TEL0113
Adding footprint TO-220H
Adding footprint HE14_1X4
Adding footprint CLICK BOARD USB
Adding footprint DB9CM
Adding footprint 3SIP100
Adding footprint DIP16
Adding package RES
Adding package PTEST
Adding package PCF8583
Adding package LCD2X16_ACM1602_RETRO
Adding package C:\ORCAD_91\USERLIB\BTS_2018.OLB/PTEST
Adding package C:\USERS\JORDAN\DROPBOX\PROJETS_BTS 2018\__A VOIR CONSIGNES ET CONSEILS PROJETS ET RAPPORT\CONSEILS SUR ORCAD\AJOUT_22_04_16.OLB/R
Adding package PIC18F26K22
Adding package BATTERY
Adding package 1N4001
Adding package C:\ORCAD_91\USERLIB\BTS_2018.OLB/C+
Adding package C:\ORCAD_91\USERLIB\BTS_2018.OLB/QUARTZ
Adding package POTAJ
Adding package 24LC512_MEMORY
Adding package C:\ORCAD_91\USERLIB\BTS_2018.OLB/1N4001
Adding package GSM_CLICK_BOARD1_0
Adding package LM7812C
Adding package TEMP/HUM_JP_4
Adding package C:\ORCAD_91\USERLIB\BTS_2018.OLB/RJ12
Adding package LED
Adding package CLICK_BOARD_USB_0
Adding package C:\ORCAD_91\CAPTURE\LIBRARY\BIBLIO_ORCAD\MESURE_NIVEAU_CUVE.OLB/C
Adding package DB9CM
Adding package SW_SPDT
Adding package MAX232
Adding component X1
Adding component R9
Adding component R11
Adding component PT2
Adding component S2
Adding component R12
Adding component R6
Adding component J4
Adding component R5
Adding component U2
Adding component LCD1
Adding component R7
Adding component PT4
Adding component PT3
Adding component R1
Adding component J3
Adding component S1
Adding component C2
Adding component R13
Adding component PT1
Adding component U9
Adding component PT5
Adding component PILE 3V CR2032
Adding component C8
Adding component J5
Adding component R3
Adding component R10
Adding component J2
Adding component D3
Adding component D1
Adding component DEL3
Adding component R8
Adding component DEL4
Adding component C1
Adding component C5
Adding component X2
Adding component P1
Adding component PT6
Adding component C3
Adding component PT7
Adding component Q1
Adding component U4
Adding component D5
Adding component U8
Adding component D4
Adding component C7
Adding component C4
Adding component REG1
Adding component JP6
Adding component J1
Adding component R4
Adding component DEL1
Adding component BUZ1
Adding component U6
Adding component C10
Adding component J6
Adding component DEL2
Adding component C6
Adding component D2
Adding component C9
Adding component SW3
Adding component R2
Adding component SW2
Adding component U1
Adding net N69378
Adding net N69370
Adding net N69398
Adding net N69552
Adding net N69556
Adding net N68901
Adding net N68817
Adding net N68849
Adding net N68977
Adding net N68961
Adding net N69037
Adding net RX1
Adding net TX1
Adding net TX2/PGD
Adding net N89157
Adding net N89563
Adding net TXPIC
Adding net RD
Adding net TD
Adding net CTS
Adding net DCD
Adding net GND
Adding net RXPIC1
Adding net RXPIC2
Adding net RX2/PGC
Adding net VBAT
Adding net N78263
Adding net N703850
Adding net BP2
Adding net BP1
Adding net LED4
Adding net INT
Adding net N68344
Adding net N68274
Adding net VCC
Adding net N68258
Adding net N68250
Adding net N68515
Adding net N68533
Adding net D5
Adding net D6
Adding net D7
Adding net D4
Adding net EN
Adding net RS
Adding net N687710
Deleting net VSS
Deleting net SCK
Deleting net RAZ/PROG
Deleting net OW
Deleting net N63427
Deleting net N63317
Deleting net N62933
Deleting net N61334
Deleting net N55828
Deleting net N55825
Deleting net N47878
Deleting net N47866
Deleting net N45798
Deleting net N45795
Deleting net N44779
Deleting net N32136
Deleting net N32133
Deleting net N32130
Deleting net N32127
Deleting net N32124
Deleting net N32121
Deleting net N32118
Deleting net N32115
Deleting net N31600
Deleting net N000540
Deleting net N00030
Deleting net MOSI
Deleting net LEDRMN
Deleting net LEDCMX
Deleting net LEDBUZ8
Deleting net LEDBUZ7
Deleting net LEDBUZ6
Deleting net LEDBUZ5
Deleting net LEDBUZ4
Deleting net LEDBUZ3
Deleting net LEDBUZ2
Deleting net LEDBUZ1
Deleting net CS1
Deleting net CS0
Deleting net BPVAL
Deleting net BPECH
Deleting net BP-
Deleting net BP+
Deleting net +VDD
*EOF*
No errors found
