Mon Apr 09 18:02:00 Saved as file C:\USERS\JJCOT\DROPBOX\PROJETS_BTS 2018\BERGER JORDAN\DOSSIER MODULE 4\ORCAD\BERGER_VALAR2000_V3_COR4_2.MAX
Mon Apr 09 18:02:00 Saved as file BACKUP1.MAX
Mon Apr 09 18:02:00 Saved as file C:\USERS\JJCOT\DROPBOX\PROJETS_BTS 2018\BERGER JORDAN\DOSSIER MODULE 4\ORCAD\BERGER_VALAR2000_V3_COR4_2.MAX
Mon Apr 09 18:05:36 Saved as file C:\USERS\JJCOT\DROPBOX\PROJETS_BTS 2018\BERGER JORDAN\DOSSIER MODULE 4\ORCAD\BERGER_VALAR2000_V3_COR4_2.MAX
Mon Apr 09 18:06:40 Saved as file C:\USERS\JJCOT\DROPBOX\PROJETS_BTS 2018\BERGER JORDAN\DOSSIER MODULE 4\ORCAD\BERGER_VALAR2000_V3_COR4_2.MAX
Mon Apr 09 18:07:10 Saved as file C:\USERS\JJCOT\DROPBOX\PROJETS_BTS 2018\BERGER JORDAN\DOSSIER MODULE 4\ORCAD\BERGER_VALAR2000_V3_COR4_2.MAX
Mon Apr 09 18:11:50 Saved as file BACKUP1.MAX
Mon Apr 09 18:11:50 Saved as file C:\USERS\JJCOT\DROPBOX\PROJETS_BTS 2018\BERGER JORDAN\DOSSIER MODULE 4\ORCAD\BERGER_VALAR2000_V3_COR4_2.MAX
Mon Apr 09 18:11:57 Saved as file BACKUP1.MAX
Mon Apr 09 18:11:57 Saved as file C:\USERS\JJCOT\DROPBOX\PROJETS_BTS 2018\BERGER JORDAN\DOSSIER MODULE 4\ORCAD\BERGER_VALAR2000_V3_COR4_2.MAX
Mon Apr 09 18:12:51 Loaded file C:\OrCAD_91\Layout\data\template.imp
Mon Apr 09 18:12:51 Loaded file C:\OrCAD_91\Layout\data\template.imp
Mon Apr 09 18:12:53 Loaded file C:\ORCAD_91\USERLIB\AJOUT_09_04_18.LLB
Mon Apr 09 18:12:55 Loaded file C:\TRAVAIL\SYSTEMES_BTS_SN\_01 SYSTEME DE MESURE DE NIVEAU 1STS\FABRICATION_ET_ORCAD\MESURE_NIVEAU_CUVE.LLB
Mon Apr 09 18:13:06 Loaded file C:\ORCAD_91\USERLIB\STS_1L.LLB
Mon Apr 09 18:13:18 Loaded file C:\ORCAD_91\USERLIB\AJOUT_09_04_18.LLB
Mon Apr 09 18:14:22 Saved as file BACKUP1.MAX
Mon Apr 09 18:14:55 Saved as file C:\USERS\JJCOT\DROPBOX\PROJETS_BTS 2018\BERGER JORDAN\DOSSIER MODULE 4\ORCAD\BERGER_VALAR2000_V3_COR4_2.MAX
Mon Apr 09 18:16:25 Saved as file C:\USERS\JJCOT\DROPBOX\PROJETS_BTS 2018\BERGER JORDAN\DOSSIER MODULE 4\ORCAD\BERGER_VALAR2000_V3_COR4_2.MAX
Mon Apr 09 18:17:23 Saved as file C:\USERS\JJCOT\DROPBOX\PROJETS_BTS 2018\BERGER JORDAN\DOSSIER MODULE 4\ORCAD\BERGER_VALAR2000_V3_COR4_2.MAX
Mon Apr 09 18:20:17 Saved as file BACKUP1.MAX
Mon Apr 09 18:20:17 Saved as file C:\USERS\JJCOT\DROPBOX\PROJETS_BTS 2018\BERGER JORDAN\DOSSIER MODULE 4\ORCAD\BERGER_VALAR2000_V3_COR4_2.MAX
Mon Apr 09 18:20:57 Saved as file BACKUP1.MAX
Mon Apr 09 18:20:57 Saved as file C:\USERS\JJCOT\DROPBOX\PROJETS_BTS 2018\BERGER JORDAN\DOSSIER MODULE 4\ORCAD\BERGER_VALAR2000_V3_COR4_2.MAX
Mon Apr 09 18:22:25 Saved as file C:\USERS\JJCOT\DROPBOX\PROJETS_BTS 2018\BERGER JORDAN\DOSSIER MODULE 4\ORCAD\BERGER_VALAR2000_V3_COR4_2.MAX
Mon Apr 09 18:25:08 Loaded file C:\ORCAD_91\USERLIB\AJOUT_09_04_18.LLB
Mon Apr 09 18:25:08 Loaded file C:\ORCAD_91\USERLIB\AJOUT_09_04_18.LLB
Mon Apr 09 18:25:09 Loaded file C:\ORCAD_91\USERLIB\AJOUT_09_04_18.LLB
Mon Apr 09 18:25:09 Loaded file C:\ORCAD_91\USERLIB\AJOUT_09_04_18.LLB
Mon Apr 09 18:25:09 Loaded file C:\ORCAD_91\USERLIB\AJOUT_09_04_18.LLB
Mon Apr 09 18:25:09 Loaded file C:\ORCAD_91\USERLIB\AJOUT_09_04_18.LLB
Mon Apr 09 18:25:09 Loaded file C:\ORCAD_91\USERLIB\AJOUT_09_04_18.LLB
Mon Apr 09 18:25:09 Loaded file C:\ORCAD_91\USERLIB\AJOUT_09_04_18.LLB
Mon Apr 09 18:25:09 Loaded file C:\ORCAD_91\USERLIB\AJOUT_09_04_18.LLB
Mon Apr 09 18:25:09 Loaded file C:\ORCAD_91\USERLIB\AJOUT_09_04_18.LLB
Mon Apr 09 18:25:09 Loaded file C:\ORCAD_91\USERLIB\AJOUT_09_04_18.LLB
Mon Apr 09 18:25:10 Loaded file C:\ORCAD_91\USERLIB\AJOUT_09_04_18.LLB
Mon Apr 09 18:25:10 Loaded file C:\ORCAD_91\USERLIB\AJOUT_09_04_18.LLB
Mon Apr 09 18:25:10 Loaded file C:\ORCAD_91\USERLIB\AJOUT_09_04_18.LLB
Mon Apr 09 18:25:10 Loaded file C:\ORCAD_91\USERLIB\AJOUT_09_04_18.LLB
Mon Apr 09 18:25:10 Loaded file C:\ORCAD_91\USERLIB\AJOUT_09_04_18.LLB
Mon Apr 09 18:25:25 Saved as file C:\USERS\JJCOT\DROPBOX\PROJETS_BTS 2018\BERGER JORDAN\DOSSIER MODULE 4\ORCAD\BERGER_VALAR2000_V3_COR4.MAX
Mon Apr 09 18:25:25 Loaded file C:\USERS\JJCOT\DROPBOX\PROJETS_BTS 2018\BERGER JORDAN\DOSSIER MODULE 4\ORCAD\BERGER_VALAR2000_V3_COR4.MAX
Mon Apr 09 18:29:26 Saved as file C:\USERS\JJCOT\DROPBOX\PROJETS_BTS 2018\BERGER JORDAN\DOSSIER MODULE 4\ORCAD\BERGER_VALAR2000_V3_COR4.MAX
Mon Apr 09 18:29:43 Loaded file C:\OrCAD_91\Layout\data\template.imp
Mon Apr 09 18:29:43 Loaded file C:\OrCAD_91\Layout\data\template.imp
Mon Apr 09 18:29:56 Loaded file C:\ORCAD_91\USERLIB\AJOUT_09_04_18.LLB
Mon Apr 09 18:30:02 Loaded file C:\OrCAD_91\Layout\data\template.imp
Mon Apr 09 18:30:49 Loaded file C:\ORCAD_91\USERLIB\PADSTACK_JJ2.LLB
Mon Apr 09 18:30:49 Loaded file C:\OrCAD_91\Layout\library\padstack.llb
Mon Apr 09 18:31:02 Loaded file C:\ORCAD_91\USERLIB\PADSTACK_JJ2.LLB
Mon Apr 09 18:31:02 Loaded file C:\OrCAD_91\Layout\library\padstack.llb
Mon Apr 09 18:31:22 Loaded file C:\ORCAD_91\USERLIB\PADSTACK_JJ2.LLB
Mon Apr 09 18:31:22 Loaded file C:\OrCAD_91\Layout\library\padstack.llb
Mon Apr 09 18:31:41 Saved as file BACKUP1.MAX
Mon Apr 09 18:33:22 Saved as file C:\USERS\JJCOT\DROPBOX\PROJETS_BTS 2018\BERGER JORDAN\DOSSIER MODULE 4\ORCAD\BERGER_VALAR2000_V3_COR4.MAX
Mon Apr 09 18:37:35 Saved as file C:\USERS\JJCOT\DROPBOX\PROJETS_BTS 2018\BERGER JORDAN\DOSSIER MODULE 4\ORCAD\BERGER_VALAR2000_V3_COR4.MAX
Mon Apr 09 18:40:43 Saved as file C:\USERS\JJCOT\DROPBOX\PROJETS_BTS 2018\BERGER JORDAN\DOSSIER MODULE 4\ORCAD\BERGER_VALAR2000_V3_COR4_2.MAX
Mon Apr 09 18:42:41 Saved as file BACKUP1.MAX
Mon Apr 09 18:53:11 Saved as file BACKUP1.MAX
Mon Apr 09 18:54:46 Loaded file C:\OrCAD_91\Layout\data\template.imp
Mon Apr 09 18:54:46 Loaded file C:\OrCAD_91\Layout\data\template.imp
Mon Apr 09 18:54:46 Loaded file C:\OrCAD_91\Layout\data\template.imp
Mon Apr 09 18:54:46 Loaded file C:\OrCAD_91\Layout\data\template.imp
Mon Apr 09 18:54:58 Loaded file C:\ORCAD_91\USERLIB\AJOUT_09_04_18.LLB
Mon Apr 09 18:55:05 Loaded file C:\OrCAD_91\Layout\data\template.imp
Mon Apr 09 19:00:46 Saved as file C:\USERS\JJCOT\DROPBOX\PROJETS_BTS 2018\BERGER JORDAN\DOSSIER MODULE 4\ORCAD\BERGER_VALAR2000_V3_COR4_2.MAX
Mon Apr 09 19:04:12 Saved as file BACKUP1.MAX
Mon Apr 09 19:04:58 Saved as file C:\USERS\JJCOT\DROPBOX\PROJETS_BTS 2018\BERGER JORDAN\DOSSIER MODULE 4\ORCAD\BERGER_VALAR2000_V3_COR4_2.MAX
Tue Apr 10 09:43:19 Loaded file C:\USERS\JORDAN\DROPBOX\PROJETS_BTS 2018\BERGER JORDAN\DOSSIER MODULE 4\ORCAD\BERGER_VALAR2000_V3_COR4_2.MAX
Tue Apr 10 09:52:45 Saved as file BACKUP1.MAX
Tue Apr 10 10:03:15 Saved as file BACKUP1.MAX
Tue Apr 10 10:13:45 Saved as file BACKUP1.MAX
